[2022-06-04 22:29:46:298] [INFO] - org.springframework.boot.StartupInfoLogger.logStarting(StartupInfoLogger.java:50) - Starting shopApplication on LAPTOP-3LEHI1FG with PID 18896 (E:\task\finished\springboot\target\classes started by xiong in E:\task\finished\springboot)
[2022-06-04 22:29:46:314] [INFO] - org.springframework.boot.SpringApplication.logStartupProfileInfo(SpringApplication.java:675) - No active profile set, falling back to default profiles: default
[2022-06-04 22:29:48:389] [INFO] - org.springframework.boot.web.embedded.tomcat.TomcatWebServer.initialize(TomcatWebServer.java:90) - Tomcat initialized with port(s): 8989 (http)
[2022-06-04 22:29:48:404] [INFO] - org.apache.juli.logging.DirectJDKLog.log(DirectJDKLog.java:173) - Initializing ProtocolHandler ["http-nio-8989"]
[2022-06-04 22:29:48:420] [INFO] - org.apache.juli.logging.DirectJDKLog.log(DirectJDKLog.java:173) - Starting service [Tomcat]
[2022-06-04 22:29:48:420] [INFO] - org.apache.juli.logging.DirectJDKLog.log(DirectJDKLog.java:173) - Starting Servlet Engine: Apache Tomcat/9.0.12
[2022-06-04 22:29:48:420] [INFO] - org.apache.juli.logging.DirectJDKLog.log(DirectJDKLog.java:173) - The APR based Apache Tomcat Native library which allows optimal performance in production environments was not found on the java.library.path: [C:\install\idea\java\jdk1.8\bin;C:\WINDOWS\Sun\Java\bin;C:\WINDOWS\system32;C:\WINDOWS;C:\Program Files (x86)\Common Files\Oracle\Java\javapath;D:\dev\install\;E:\myIT\APP\oracle\product\10.2.0\db_1\bin;C:\Program Files (x86)\Intel\iCLS Client\;C:\Program Files\Intel\iCLS Client\;C:\Windows\system32;C:\Windows;C:\Windows\System32\Wbem;C:\Windows\System32\WindowsPowerShell\v1.0\;C:\Program Files (x86)\Intel\Intel(R) Management Engine Components\DAL;C:\Program Files\Intel\Intel(R) Management Engine Components\DAL;C:\Program Files (x86)\Intel\Intel(R) Management Engine Components\IPT;C:\Program Files\Intel\Intel(R) Management Engine Components\IPT;C:\Program Files (x86)\NVIDIA Corporation\PhysX\Common;C:\WINDOWS\system32;C:\WINDOWS;C:\WINDOWS\System32\Wbem;C:\WINDOWS\System32\WindowsPowerShell\v1.0\;C:\install\idea\java\jdk1.8\bin;E:\install\dev\maven-3.5.4\bin;C:\WINDOWS\System32\OpenSSH\;E:\myIT\APP\Git\cmd;E:\myIT\APP\MongoDB\bin;D:\dev\install\OpenVPN\bin;E:\install\PuTTY\;E:\install\dev\xshell7\;C:\install\idea\java\jdk1.8\bin\jre\bin;E:\install\dev\gradle\gradle-5.6.4\bin;C:\Program Files (x86)\EasyShare\x86\;C:\Program Files (x86)\EasyShare\x64\;E:\install\dev\TortoiseGit\bin;C:\Windows\RCC-Interface;E:\install\dev\nodejs\;E:\install\dev\node\node_global;C:\Users\xiong\AppData\Local\Microsoft\WindowsApps;E:\myIT\APP\Microsoft VS Code\bin;C:\Users\xiong\AppData\Roaming\npm;E:\install\dev\node\node_global;;.]
[2022-06-04 22:29:48:869] [INFO] - org.apache.juli.logging.DirectJDKLog.log(DirectJDKLog.java:173) - At least one JAR was scanned for TLDs yet contained no TLDs. Enable debug logging for this logger for a complete list of JARs that were scanned but no TLDs were found in them. Skipping unneeded JARs during scanning can improve startup time and JSP compilation time.
[2022-06-04 22:29:48:916] [INFO] - org.apache.juli.logging.DirectJDKLog.log(DirectJDKLog.java:173) - Initializing Spring embedded WebApplicationContext
[2022-06-04 22:29:48:916] [INFO] - org.springframework.boot.web.servlet.context.ServletWebServerApplicationContext.prepareWebApplicationContext(ServletWebServerApplicationContext.java:285) - Root WebApplicationContext: initialization completed in 2524 ms
[2022-06-04 22:29:48:978] [INFO] - org.springframework.boot.web.servlet.ServletRegistrationBean.addRegistration(ServletRegistrationBean.java:186) - Servlet dispatcherServlet mapped to [/]
[2022-06-04 22:29:48:978] [INFO] - org.springframework.boot.web.servlet.ServletRegistrationBean.addRegistration(ServletRegistrationBean.java:186) - Servlet com.java.config.DruidServlet mapped to [/druid/*]
[2022-06-04 22:29:48:978] [INFO] - org.springframework.boot.web.servlet.AbstractFilterRegistrationBean.configure(AbstractFilterRegistrationBean.java:248) - Mapping filter: 'characterEncodingFilter' to: [/*]
[2022-06-04 22:29:48:978] [INFO] - org.springframework.boot.web.servlet.AbstractFilterRegistrationBean.configure(AbstractFilterRegistrationBean.java:248) - Mapping filter: 'hiddenHttpMethodFilter' to: [/*]
[2022-06-04 22:29:48:978] [INFO] - org.springframework.boot.web.servlet.AbstractFilterRegistrationBean.configure(AbstractFilterRegistrationBean.java:248) - Mapping filter: 'formContentFilter' to: [/*]
[2022-06-04 22:29:48:978] [INFO] - org.springframework.boot.web.servlet.AbstractFilterRegistrationBean.configure(AbstractFilterRegistrationBean.java:248) - Mapping filter: 'requestContextFilter' to: [/*]
[2022-06-04 22:29:49:640] [INFO] - com.alibaba.druid.pool.DruidDataSource.init(DruidDataSource.java:994) - {dataSource-1} inited
[2022-06-04 22:29:50:624] [INFO] - org.springframework.scheduling.concurrent.ExecutorConfigurationSupport.initialize(ExecutorConfigurationSupport.java:171) - Initializing ExecutorService 'applicationTaskExecutor'
[2022-06-04 22:29:50:977] [INFO] - org.apache.juli.logging.DirectJDKLog.log(DirectJDKLog.java:173) - Starting ProtocolHandler ["http-nio-8989"]
[2022-06-04 22:29:50:977] [INFO] - org.apache.juli.logging.DirectJDKLog.log(DirectJDKLog.java:173) - Using a shared selector for servlet write/read
[2022-06-04 22:29:51:087] [INFO] - org.springframework.boot.web.embedded.tomcat.TomcatWebServer.start(TomcatWebServer.java:204) - Tomcat started on port(s): 8989 (http) with context path ''
[2022-06-04 22:29:51:087] [INFO] - org.springframework.boot.StartupInfoLogger.logStarted(StartupInfoLogger.java:59) - Started shopApplication in 5.944 seconds (JVM running for 8.455)
[2022-06-04 22:31:58:858] [INFO] - org.apache.juli.logging.DirectJDKLog.log(DirectJDKLog.java:173) - Initializing Spring DispatcherServlet 'dispatcherServlet'
[2022-06-04 22:31:58:858] [INFO] - org.springframework.web.servlet.FrameworkServlet.initServletBean(FrameworkServlet.java:521) - Initializing Servlet 'dispatcherServlet'
[2022-06-04 22:31:58:873] [INFO] - org.springframework.web.servlet.FrameworkServlet.initServletBean(FrameworkServlet.java:543) - Completed initialization in 15 ms
[2022-06-04 22:58:15:782] [INFO] - org.springframework.boot.StartupInfoLogger.logStarting(StartupInfoLogger.java:50) - Starting shopApplication on LAPTOP-3LEHI1FG with PID 17208 (E:\task\finished\springboot\target\classes started by xiong in E:\task\finished\springboot)
[2022-06-04 22:58:15:843] [INFO] - org.springframework.boot.SpringApplication.logStartupProfileInfo(SpringApplication.java:675) - No active profile set, falling back to default profiles: default
[2022-06-04 22:58:18:013] [INFO] - org.springframework.boot.web.embedded.tomcat.TomcatWebServer.initialize(TomcatWebServer.java:90) - Tomcat initialized with port(s): 8989 (http)
[2022-06-04 22:58:18:037] [INFO] - org.apache.juli.logging.DirectJDKLog.log(DirectJDKLog.java:173) - Initializing ProtocolHandler ["http-nio-8989"]
[2022-06-04 22:58:18:046] [INFO] - org.apache.juli.logging.DirectJDKLog.log(DirectJDKLog.java:173) - Starting service [Tomcat]
[2022-06-04 22:58:18:047] [INFO] - org.apache.juli.logging.DirectJDKLog.log(DirectJDKLog.java:173) - Starting Servlet Engine: Apache Tomcat/9.0.12
[2022-06-04 22:58:18:054] [INFO] - org.apache.juli.logging.DirectJDKLog.log(DirectJDKLog.java:173) - The APR based Apache Tomcat Native library which allows optimal performance in production environments was not found on the java.library.path: [C:\install\idea\java\jdk1.8\bin;C:\WINDOWS\Sun\Java\bin;C:\WINDOWS\system32;C:\WINDOWS;C:\Program Files (x86)\Common Files\Oracle\Java\javapath;D:\dev\install\;E:\myIT\APP\oracle\product\10.2.0\db_1\bin;C:\Program Files (x86)\Intel\iCLS Client\;C:\Program Files\Intel\iCLS Client\;C:\Windows\system32;C:\Windows;C:\Windows\System32\Wbem;C:\Windows\System32\WindowsPowerShell\v1.0\;C:\Program Files (x86)\Intel\Intel(R) Management Engine Components\DAL;C:\Program Files\Intel\Intel(R) Management Engine Components\DAL;C:\Program Files (x86)\Intel\Intel(R) Management Engine Components\IPT;C:\Program Files\Intel\Intel(R) Management Engine Components\IPT;C:\Program Files (x86)\NVIDIA Corporation\PhysX\Common;C:\WINDOWS\system32;C:\WINDOWS;C:\WINDOWS\System32\Wbem;C:\WINDOWS\System32\WindowsPowerShell\v1.0\;C:\install\idea\java\jdk1.8\bin;E:\install\dev\maven-3.5.4\bin;C:\WINDOWS\System32\OpenSSH\;E:\myIT\APP\Git\cmd;E:\myIT\APP\MongoDB\bin;D:\dev\install\OpenVPN\bin;E:\install\PuTTY\;E:\install\dev\xshell7\;C:\install\idea\java\jdk1.8\bin\jre\bin;E:\install\dev\gradle\gradle-5.6.4\bin;C:\Program Files (x86)\EasyShare\x86\;C:\Program Files (x86)\EasyShare\x64\;E:\install\dev\TortoiseGit\bin;C:\Windows\RCC-Interface;E:\install\dev\nodejs\;E:\install\dev\node\node_global;C:\Users\xiong\AppData\Local\Microsoft\WindowsApps;E:\myIT\APP\Microsoft VS Code\bin;C:\Users\xiong\AppData\Roaming\npm;E:\install\dev\node\node_global;;.]
[2022-06-04 22:58:18:562] [INFO] - org.apache.juli.logging.DirectJDKLog.log(DirectJDKLog.java:173) - At least one JAR was scanned for TLDs yet contained no TLDs. Enable debug logging for this logger for a complete list of JARs that were scanned but no TLDs were found in them. Skipping unneeded JARs during scanning can improve startup time and JSP compilation time.
[2022-06-04 22:58:18:594] [INFO] - org.apache.juli.logging.DirectJDKLog.log(DirectJDKLog.java:173) - Initializing Spring embedded WebApplicationContext
[2022-06-04 22:58:18:594] [INFO] - org.springframework.boot.web.servlet.context.ServletWebServerApplicationContext.prepareWebApplicationContext(ServletWebServerApplicationContext.java:285) - Root WebApplicationContext: initialization completed in 2630 ms
[2022-06-04 22:58:18:780] [INFO] - org.springframework.boot.web.servlet.ServletRegistrationBean.addRegistration(ServletRegistrationBean.java:186) - Servlet dispatcherServlet mapped to [/]
[2022-06-04 22:58:18:781] [INFO] - org.springframework.boot.web.servlet.ServletRegistrationBean.addRegistration(ServletRegistrationBean.java:186) - Servlet com.java.config.DruidServlet mapped to [/druid/*]
[2022-06-04 22:58:18:785] [INFO] - org.springframework.boot.web.servlet.AbstractFilterRegistrationBean.configure(AbstractFilterRegistrationBean.java:248) - Mapping filter: 'characterEncodingFilter' to: [/*]
[2022-06-04 22:58:18:785] [INFO] - org.springframework.boot.web.servlet.AbstractFilterRegistrationBean.configure(AbstractFilterRegistrationBean.java:248) - Mapping filter: 'hiddenHttpMethodFilter' to: [/*]
[2022-06-04 22:58:18:785] [INFO] - org.springframework.boot.web.servlet.AbstractFilterRegistrationBean.configure(AbstractFilterRegistrationBean.java:248) - Mapping filter: 'formContentFilter' to: [/*]
[2022-06-04 22:58:18:785] [INFO] - org.springframework.boot.web.servlet.AbstractFilterRegistrationBean.configure(AbstractFilterRegistrationBean.java:248) - Mapping filter: 'requestContextFilter' to: [/*]
[2022-06-04 22:58:19:176] [INFO] - com.alibaba.druid.pool.DruidDataSource.init(DruidDataSource.java:994) - {dataSource-1} inited
[2022-06-04 22:58:20:166] [INFO] - org.springframework.scheduling.concurrent.ExecutorConfigurationSupport.initialize(ExecutorConfigurationSupport.java:171) - Initializing ExecutorService 'applicationTaskExecutor'
[2022-06-04 22:58:20:656] [INFO] - org.apache.juli.logging.DirectJDKLog.log(DirectJDKLog.java:173) - Starting ProtocolHandler ["http-nio-8989"]
[2022-06-04 22:58:20:664] [INFO] - org.apache.juli.logging.DirectJDKLog.log(DirectJDKLog.java:173) - Using a shared selector for servlet write/read
[2022-06-04 22:58:20:686] [INFO] - org.springframework.boot.web.embedded.tomcat.TomcatWebServer.start(TomcatWebServer.java:204) - Tomcat started on port(s): 8989 (http) with context path ''
[2022-06-04 22:58:20:686] [INFO] - org.springframework.boot.StartupInfoLogger.logStarted(StartupInfoLogger.java:59) - Started shopApplication in 5.644 seconds (JVM running for 8.519)
[2022-06-04 22:58:31:483] [INFO] - org.apache.juli.logging.DirectJDKLog.log(DirectJDKLog.java:173) - Initializing Spring DispatcherServlet 'dispatcherServlet'
[2022-06-04 22:58:31:483] [INFO] - org.springframework.web.servlet.FrameworkServlet.initServletBean(FrameworkServlet.java:521) - Initializing Servlet 'dispatcherServlet'
[2022-06-04 22:58:31:496] [INFO] - org.springframework.web.servlet.FrameworkServlet.initServletBean(FrameworkServlet.java:543) - Completed initialization in 13 ms
