[2022-06-30 14:54:10:689] [INFO] - org.springframework.boot.StartupInfoLogger.logStarting(StartupInfoLogger.java:50) - Starting shopApplication on LAPTOP-3LEHI1FG with PID 60440 (E:\my_task\202206\0628\news\springboot\target\classes started by xiong in E:\my_task\202206\0628\news\springboot)
[2022-06-30 14:54:10:753] [INFO] - org.springframework.boot.SpringApplication.logStartupProfileInfo(SpringApplication.java:675) - No active profile set, falling back to default profiles: default
[2022-06-30 14:54:12:265] [INFO] - org.springframework.boot.web.embedded.tomcat.TomcatWebServer.initialize(TomcatWebServer.java:90) - Tomcat initialized with port(s): 8989 (http)
[2022-06-30 14:54:12:282] [INFO] - org.apache.juli.logging.DirectJDKLog.log(DirectJDKLog.java:173) - Initializing ProtocolHandler ["http-nio-8989"]
[2022-06-30 14:54:12:286] [INFO] - org.apache.juli.logging.DirectJDKLog.log(DirectJDKLog.java:173) - Starting service [Tomcat]
[2022-06-30 14:54:12:287] [INFO] - org.apache.juli.logging.DirectJDKLog.log(DirectJDKLog.java:173) - Starting Servlet Engine: Apache Tomcat/9.0.12
[2022-06-30 14:54:12:294] [INFO] - org.apache.juli.logging.DirectJDKLog.log(DirectJDKLog.java:173) - The APR based Apache Tomcat Native library which allows optimal performance in production environments was not found on the java.library.path: [C:\install\idea\java\jdk1.8\bin;C:\WINDOWS\Sun\Java\bin;C:\WINDOWS\system32;C:\WINDOWS;E:\oracle\product\10.2.0\db_1\bin;D:\dev\install\;C:\Program Files (x86)\Intel\iCLS Client\;C:\Program Files\Intel\iCLS Client\;C:\Windows\system32;C:\Windows;C:\Windows\System32\Wbem;C:\Windows\System32\WindowsPowerShell\v1.0\;C:\Program Files (x86)\Intel\Intel(R) Management Engine Components\DAL;C:\Program Files\Intel\Intel(R) Management Engine Components\DAL;C:\Program Files (x86)\Intel\Intel(R) Management Engine Components\IPT;C:\Program Files\Intel\Intel(R) Management Engine Components\IPT;C:\Program Files (x86)\NVIDIA Corporation\PhysX\Common;C:\WINDOWS\system32;C:\WINDOWS;C:\WINDOWS\System32\Wbem;C:\WINDOWS\System32\WindowsPowerShell\v1.0\;C:\install\idea\java\jdk1.8\bin;E:\install\dev\maven-3.5.4\bin;C:\WINDOWS\System32\OpenSSH\;E:\myIT\APP\Git\cmd;E:\myIT\APP\MongoDB\bin;E:\install\PuTTY\;E:\install\dev\xshell7\;C:\install\idea\java\jdk1.8\bin\jre\bin;E:\install\dev\gradle\gradle-5.6.4\bin;C:\Program Files (x86)\EasyShare\x86\;C:\Program Files (x86)\EasyShare\x64\;E:\install\dev\TortoiseGit\bin;C:\Windows\RCC-Interface;E:\install\dev\nodejs\;E:\install\dev\node\node_global;;E:\myIT\APP\Microsoft VS Code\bin;C:\Users\xiong\AppData\Local\Microsoft\WindowsApps;E:\myIT\APP\Microsoft VS Code\bin;C:\Users\xiong\AppData\Roaming\npm;E:\install\dev\node\node_global;;.]
[2022-06-30 14:54:12:600] [INFO] - org.apache.juli.logging.DirectJDKLog.log(DirectJDKLog.java:173) - At least one JAR was scanned for TLDs yet contained no TLDs. Enable debug logging for this logger for a complete list of JARs that were scanned but no TLDs were found in them. Skipping unneeded JARs during scanning can improve startup time and JSP compilation time.
[2022-06-30 14:54:12:613] [INFO] - org.apache.juli.logging.DirectJDKLog.log(DirectJDKLog.java:173) - Initializing Spring embedded WebApplicationContext
[2022-06-30 14:54:12:613] [INFO] - org.springframework.boot.web.servlet.context.ServletWebServerApplicationContext.prepareWebApplicationContext(ServletWebServerApplicationContext.java:285) - Root WebApplicationContext: initialization completed in 1746 ms
[2022-06-30 14:54:12:670] [INFO] - org.springframework.boot.web.servlet.ServletRegistrationBean.addRegistration(ServletRegistrationBean.java:186) - Servlet dispatcherServlet mapped to [/]
[2022-06-30 14:54:12:672] [INFO] - org.springframework.boot.web.servlet.ServletRegistrationBean.addRegistration(ServletRegistrationBean.java:186) - Servlet com.java.config.DruidServlet mapped to [/druid/*]
[2022-06-30 14:54:12:675] [INFO] - org.springframework.boot.web.servlet.AbstractFilterRegistrationBean.configure(AbstractFilterRegistrationBean.java:248) - Mapping filter: 'characterEncodingFilter' to: [/*]
[2022-06-30 14:54:12:675] [INFO] - org.springframework.boot.web.servlet.AbstractFilterRegistrationBean.configure(AbstractFilterRegistrationBean.java:248) - Mapping filter: 'hiddenHttpMethodFilter' to: [/*]
[2022-06-30 14:54:12:676] [INFO] - org.springframework.boot.web.servlet.AbstractFilterRegistrationBean.configure(AbstractFilterRegistrationBean.java:248) - Mapping filter: 'formContentFilter' to: [/*]
[2022-06-30 14:54:12:676] [INFO] - org.springframework.boot.web.servlet.AbstractFilterRegistrationBean.configure(AbstractFilterRegistrationBean.java:248) - Mapping filter: 'requestContextFilter' to: [/*]
[2022-06-30 14:54:12:955] [INFO] - com.alibaba.druid.pool.DruidDataSource.init(DruidDataSource.java:994) - {dataSource-1} inited
[2022-06-30 14:54:13:686] [INFO] - org.springframework.scheduling.concurrent.ExecutorConfigurationSupport.initialize(ExecutorConfigurationSupport.java:171) - Initializing ExecutorService 'applicationTaskExecutor'
[2022-06-30 14:54:13:987] [INFO] - org.apache.juli.logging.DirectJDKLog.log(DirectJDKLog.java:173) - Starting ProtocolHandler ["http-nio-8989"]
[2022-06-30 14:54:13:995] [INFO] - org.apache.juli.logging.DirectJDKLog.log(DirectJDKLog.java:173) - Using a shared selector for servlet write/read
[2022-06-30 14:54:14:018] [INFO] - org.springframework.boot.web.embedded.tomcat.TomcatWebServer.start(TomcatWebServer.java:204) - Tomcat started on port(s): 8989 (http) with context path ''
[2022-06-30 14:54:14:021] [INFO] - org.springframework.boot.StartupInfoLogger.logStarted(StartupInfoLogger.java:59) - Started shopApplication in 3.923 seconds (JVM running for 5.54)
[2022-06-30 14:55:46:236] [INFO] - org.apache.juli.logging.DirectJDKLog.log(DirectJDKLog.java:173) - Initializing Spring DispatcherServlet 'dispatcherServlet'
[2022-06-30 14:55:46:236] [INFO] - org.springframework.web.servlet.FrameworkServlet.initServletBean(FrameworkServlet.java:521) - Initializing Servlet 'dispatcherServlet'
[2022-06-30 14:55:46:249] [INFO] - org.springframework.web.servlet.FrameworkServlet.initServletBean(FrameworkServlet.java:543) - Completed initialization in 13 ms
[2022-06-30 14:55:47:425] [INFO] - org.apache.juli.logging.DirectJDKLog.log(DirectJDKLog.java:173) - A cookie header was received [1655131315,1655169784; username=admin; rememberMe=true; password=TYL3UQclOneeXSyTmfWq/BynG0EqJ+y+0Ic0mCxhhdEUnT+5mMI8QhR1R4s8HZxMZukCvef+nKvryBnB5ioezA==; Hm_lvt_4a51227696a44e11b0c61f6105dc4ee4=1656383020; MKT_CKID=1656383022099.nvhxi.n6qo; _RDG=28016d895ad99e2ad82e34a6e9c55df94a; _RGUID=6e2d3c8f-2d5b-40fd-be48-465edcba376d; _RSG=z3qMjy8Fju6jTZkSxbH8vB; _bfaStatusPVSend=1; _jzqco=%7C%7C%7C%7C1656383025581%7C1.1458086171.1656383022123.1656383110195.1656383341327.1656383110195.1656383341327.0.0.0.4.4; _bfa=1.1656383022269.2gb3x8.1.1656383022269.1656383022269.1.4.1; _ubtstatus=%7B%22vid%22%3A%221656383022269.2gb3x8%22%2C%22sid%22%3A1%2C%22pvid%22%3A4%2C%22pid%22%3A0%7D; __zpspc=9.1.1656383022.1656383341.8%233%7Clocalhost%3A8080%7C%7C%7C%7C%23; _RF1=121.32.77.119; _bfaStatus=fail; Idea-d11f185=0a455923-b0bb-448f-b71f-2cc299c2bf4d; avatar=undefined; vue_admin_template_token=1; login=admin; id=1; pwd=111111; author=admin] that contained an invalid cookie. That cookie will be ignored.Note: further occurrences of this error will be logged at DEBUG level.
[2022-06-30 15:21:06:851] [INFO] - org.springframework.boot.StartupInfoLogger.logStarting(StartupInfoLogger.java:50) - Starting shopApplication on LAPTOP-3LEHI1FG with PID 18692 (E:\my_task\202206\0628\news\one\springboot\target\classes started by xiong in E:\my_task\202206\0628\news\one\springboot)
[2022-06-30 15:21:06:871] [INFO] - org.springframework.boot.SpringApplication.logStartupProfileInfo(SpringApplication.java:675) - No active profile set, falling back to default profiles: default
[2022-06-30 15:21:07:432] [WARN] - org.mybatis.logging.Logger.warn(Logger.java:44) - No MyBatis mapper was found in '[com.java.dao]' package. Please check your configuration.
[2022-06-30 15:21:07:950] [WARN] - org.mybatis.logging.Logger.warn(Logger.java:44) - No MyBatis mapper was found in '[com.java]' package. Please check your configuration.
[2022-06-30 15:21:08:552] [INFO] - org.springframework.boot.web.embedded.tomcat.TomcatWebServer.initialize(TomcatWebServer.java:90) - Tomcat initialized with port(s): 8989 (http)
[2022-06-30 15:21:08:567] [INFO] - org.apache.juli.logging.DirectJDKLog.log(DirectJDKLog.java:173) - Initializing ProtocolHandler ["http-nio-8989"]
[2022-06-30 15:21:08:572] [INFO] - org.apache.juli.logging.DirectJDKLog.log(DirectJDKLog.java:173) - Starting service [Tomcat]
[2022-06-30 15:21:08:573] [INFO] - org.apache.juli.logging.DirectJDKLog.log(DirectJDKLog.java:173) - Starting Servlet Engine: Apache Tomcat/9.0.12
[2022-06-30 15:21:08:579] [INFO] - org.apache.juli.logging.DirectJDKLog.log(DirectJDKLog.java:173) - The APR based Apache Tomcat Native library which allows optimal performance in production environments was not found on the java.library.path: [C:\install\idea\java\jdk1.8\bin;C:\WINDOWS\Sun\Java\bin;C:\WINDOWS\system32;C:\WINDOWS;E:\oracle\product\10.2.0\db_1\bin;D:\dev\install\;C:\Program Files (x86)\Intel\iCLS Client\;C:\Program Files\Intel\iCLS Client\;C:\Windows\system32;C:\Windows;C:\Windows\System32\Wbem;C:\Windows\System32\WindowsPowerShell\v1.0\;C:\Program Files (x86)\Intel\Intel(R) Management Engine Components\DAL;C:\Program Files\Intel\Intel(R) Management Engine Components\DAL;C:\Program Files (x86)\Intel\Intel(R) Management Engine Components\IPT;C:\Program Files\Intel\Intel(R) Management Engine Components\IPT;C:\Program Files (x86)\NVIDIA Corporation\PhysX\Common;C:\WINDOWS\system32;C:\WINDOWS;C:\WINDOWS\System32\Wbem;C:\WINDOWS\System32\WindowsPowerShell\v1.0\;C:\install\idea\java\jdk1.8\bin;E:\install\dev\maven-3.5.4\bin;C:\WINDOWS\System32\OpenSSH\;E:\myIT\APP\Git\cmd;E:\myIT\APP\MongoDB\bin;E:\install\PuTTY\;E:\install\dev\xshell7\;C:\install\idea\java\jdk1.8\bin\jre\bin;E:\install\dev\gradle\gradle-5.6.4\bin;C:\Program Files (x86)\EasyShare\x86\;C:\Program Files (x86)\EasyShare\x64\;E:\install\dev\TortoiseGit\bin;C:\Windows\RCC-Interface;E:\install\dev\nodejs\;E:\install\dev\node\node_global;;E:\myIT\APP\Microsoft VS Code\bin;C:\Users\xiong\AppData\Local\Microsoft\WindowsApps;E:\myIT\APP\Microsoft VS Code\bin;C:\Users\xiong\AppData\Roaming\npm;E:\install\dev\node\node_global;;.]
[2022-06-30 15:21:08:895] [INFO] - org.apache.juli.logging.DirectJDKLog.log(DirectJDKLog.java:173) - At least one JAR was scanned for TLDs yet contained no TLDs. Enable debug logging for this logger for a complete list of JARs that were scanned but no TLDs were found in them. Skipping unneeded JARs during scanning can improve startup time and JSP compilation time.
[2022-06-30 15:21:08:901] [INFO] - org.apache.juli.logging.DirectJDKLog.log(DirectJDKLog.java:173) - Initializing Spring embedded WebApplicationContext
[2022-06-30 15:21:08:901] [INFO] - org.springframework.boot.web.servlet.context.ServletWebServerApplicationContext.prepareWebApplicationContext(ServletWebServerApplicationContext.java:285) - Root WebApplicationContext: initialization completed in 1973 ms
[2022-06-30 15:21:08:959] [INFO] - org.springframework.boot.web.servlet.ServletRegistrationBean.addRegistration(ServletRegistrationBean.java:186) - Servlet dispatcherServlet mapped to [/]
[2022-06-30 15:21:08:960] [INFO] - org.springframework.boot.web.servlet.ServletRegistrationBean.addRegistration(ServletRegistrationBean.java:186) - Servlet com.java.config.DruidServlet mapped to [/druid/*]
[2022-06-30 15:21:08:963] [INFO] - org.springframework.boot.web.servlet.AbstractFilterRegistrationBean.configure(AbstractFilterRegistrationBean.java:248) - Mapping filter: 'characterEncodingFilter' to: [/*]
[2022-06-30 15:21:08:964] [INFO] - org.springframework.boot.web.servlet.AbstractFilterRegistrationBean.configure(AbstractFilterRegistrationBean.java:248) - Mapping filter: 'hiddenHttpMethodFilter' to: [/*]
[2022-06-30 15:21:08:964] [INFO] - org.springframework.boot.web.servlet.AbstractFilterRegistrationBean.configure(AbstractFilterRegistrationBean.java:248) - Mapping filter: 'formContentFilter' to: [/*]
[2022-06-30 15:21:08:964] [INFO] - org.springframework.boot.web.servlet.AbstractFilterRegistrationBean.configure(AbstractFilterRegistrationBean.java:248) - Mapping filter: 'requestContextFilter' to: [/*]
[2022-06-30 15:21:09:166] [INFO] - org.springframework.scheduling.concurrent.ExecutorConfigurationSupport.initialize(ExecutorConfigurationSupport.java:171) - Initializing ExecutorService 'applicationTaskExecutor'
[2022-06-30 15:21:09:488] [INFO] - com.alibaba.druid.pool.DruidDataSource.init(DruidDataSource.java:994) - {dataSource-1} inited
[2022-06-30 15:21:09:803] [INFO] - org.apache.juli.logging.DirectJDKLog.log(DirectJDKLog.java:173) - Starting ProtocolHandler ["http-nio-8989"]
[2022-06-30 15:21:09:812] [INFO] - org.apache.juli.logging.DirectJDKLog.log(DirectJDKLog.java:173) - Using a shared selector for servlet write/read
[2022-06-30 15:21:09:833] [INFO] - org.springframework.boot.web.embedded.tomcat.TomcatWebServer.start(TomcatWebServer.java:204) - Tomcat started on port(s): 8989 (http) with context path ''
[2022-06-30 15:21:09:837] [INFO] - org.springframework.boot.StartupInfoLogger.logStarted(StartupInfoLogger.java:59) - Started shopApplication in 3.507 seconds (JVM running for 5.082)
[2022-06-30 15:25:03:193] [INFO] - org.apache.juli.logging.DirectJDKLog.log(DirectJDKLog.java:173) - A cookie header was received [1655131315,1655169784; username=admin; rememberMe=true; password=TYL3UQclOneeXSyTmfWq/BynG0EqJ+y+0Ic0mCxhhdEUnT+5mMI8QhR1R4s8HZxMZukCvef+nKvryBnB5ioezA==; Hm_lvt_4a51227696a44e11b0c61f6105dc4ee4=1656383020; MKT_CKID=1656383022099.nvhxi.n6qo; _RDG=28016d895ad99e2ad82e34a6e9c55df94a; _RGUID=6e2d3c8f-2d5b-40fd-be48-465edcba376d; _RSG=z3qMjy8Fju6jTZkSxbH8vB; _bfaStatusPVSend=1; _jzqco=%7C%7C%7C%7C1656383025581%7C1.1458086171.1656383022123.1656383110195.1656383341327.1656383110195.1656383341327.0.0.0.4.4; _bfa=1.1656383022269.2gb3x8.1.1656383022269.1656383022269.1.4.1; _ubtstatus=%7B%22vid%22%3A%221656383022269.2gb3x8%22%2C%22sid%22%3A1%2C%22pvid%22%3A4%2C%22pid%22%3A0%7D; __zpspc=9.1.1656383022.1656383341.8%233%7Clocalhost%3A8080%7C%7C%7C%7C%23; _RF1=121.32.77.119; _bfaStatus=fail; Idea-d11f185=0a455923-b0bb-448f-b71f-2cc299c2bf4d; avatar=undefined; vue_admin_template_token=1; login=admin; id=1; pwd=111111; author=admin] that contained an invalid cookie. That cookie will be ignored.Note: further occurrences of this error will be logged at DEBUG level.
[2022-06-30 15:25:03:203] [INFO] - org.apache.juli.logging.DirectJDKLog.log(DirectJDKLog.java:173) - Initializing Spring DispatcherServlet 'dispatcherServlet'
[2022-06-30 15:25:03:204] [INFO] - org.springframework.web.servlet.FrameworkServlet.initServletBean(FrameworkServlet.java:521) - Initializing Servlet 'dispatcherServlet'
[2022-06-30 15:25:03:220] [INFO] - org.springframework.web.servlet.FrameworkServlet.initServletBean(FrameworkServlet.java:543) - Completed initialization in 16 ms
[2022-06-30 15:47:16:014] [INFO] - org.springframework.boot.StartupInfoLogger.logStarting(StartupInfoLogger.java:50) - Starting shopApplication on LAPTOP-3LEHI1FG with PID 64404 (E:\my_task\202206\0628\news\one\springboot\target\classes started by xiong in E:\my_task\202206\0628\news\one\springboot)
[2022-06-30 15:47:16:077] [INFO] - org.springframework.boot.SpringApplication.logStartupProfileInfo(SpringApplication.java:675) - No active profile set, falling back to default profiles: default
[2022-06-30 15:47:17:007] [WARN] - org.mybatis.logging.Logger.warn(Logger.java:44) - No MyBatis mapper was found in '[com.java.dao]' package. Please check your configuration.
[2022-06-30 15:47:17:157] [WARN] - org.mybatis.logging.Logger.warn(Logger.java:44) - No MyBatis mapper was found in '[com.java]' package. Please check your configuration.
[2022-06-30 15:47:17:835] [INFO] - org.springframework.boot.web.embedded.tomcat.TomcatWebServer.initialize(TomcatWebServer.java:90) - Tomcat initialized with port(s): 8989 (http)
[2022-06-30 15:47:17:853] [INFO] - org.apache.juli.logging.DirectJDKLog.log(DirectJDKLog.java:173) - Initializing ProtocolHandler ["http-nio-8989"]
[2022-06-30 15:47:17:858] [INFO] - org.apache.juli.logging.DirectJDKLog.log(DirectJDKLog.java:173) - Starting service [Tomcat]
[2022-06-30 15:47:17:859] [INFO] - org.apache.juli.logging.DirectJDKLog.log(DirectJDKLog.java:173) - Starting Servlet Engine: Apache Tomcat/9.0.12
[2022-06-30 15:47:17:866] [INFO] - org.apache.juli.logging.DirectJDKLog.log(DirectJDKLog.java:173) - The APR based Apache Tomcat Native library which allows optimal performance in production environments was not found on the java.library.path: [C:\install\idea\java\jdk1.8\bin;C:\WINDOWS\Sun\Java\bin;C:\WINDOWS\system32;C:\WINDOWS;E:\oracle\product\10.2.0\db_1\bin;D:\dev\install\;C:\Program Files (x86)\Intel\iCLS Client\;C:\Program Files\Intel\iCLS Client\;C:\Windows\system32;C:\Windows;C:\Windows\System32\Wbem;C:\Windows\System32\WindowsPowerShell\v1.0\;C:\Program Files (x86)\Intel\Intel(R) Management Engine Components\DAL;C:\Program Files\Intel\Intel(R) Management Engine Components\DAL;C:\Program Files (x86)\Intel\Intel(R) Management Engine Components\IPT;C:\Program Files\Intel\Intel(R) Management Engine Components\IPT;C:\Program Files (x86)\NVIDIA Corporation\PhysX\Common;C:\WINDOWS\system32;C:\WINDOWS;C:\WINDOWS\System32\Wbem;C:\WINDOWS\System32\WindowsPowerShell\v1.0\;C:\install\idea\java\jdk1.8\bin;E:\install\dev\maven-3.5.4\bin;C:\WINDOWS\System32\OpenSSH\;E:\myIT\APP\Git\cmd;E:\myIT\APP\MongoDB\bin;E:\install\PuTTY\;E:\install\dev\xshell7\;C:\install\idea\java\jdk1.8\bin\jre\bin;E:\install\dev\gradle\gradle-5.6.4\bin;C:\Program Files (x86)\EasyShare\x86\;C:\Program Files (x86)\EasyShare\x64\;E:\install\dev\TortoiseGit\bin;C:\Windows\RCC-Interface;E:\install\dev\nodejs\;E:\install\dev\node\node_global;;E:\myIT\APP\Microsoft VS Code\bin;C:\Users\xiong\AppData\Local\Microsoft\WindowsApps;E:\myIT\APP\Microsoft VS Code\bin;C:\Users\xiong\AppData\Roaming\npm;E:\install\dev\node\node_global;;.]
[2022-06-30 15:47:18:174] [INFO] - org.apache.juli.logging.DirectJDKLog.log(DirectJDKLog.java:173) - At least one JAR was scanned for TLDs yet contained no TLDs. Enable debug logging for this logger for a complete list of JARs that were scanned but no TLDs were found in them. Skipping unneeded JARs during scanning can improve startup time and JSP compilation time.
[2022-06-30 15:47:18:180] [INFO] - org.apache.juli.logging.DirectJDKLog.log(DirectJDKLog.java:173) - Initializing Spring embedded WebApplicationContext
[2022-06-30 15:47:18:180] [INFO] - org.springframework.boot.web.servlet.context.ServletWebServerApplicationContext.prepareWebApplicationContext(ServletWebServerApplicationContext.java:285) - Root WebApplicationContext: initialization completed in 2036 ms
[2022-06-30 15:47:18:239] [INFO] - org.springframework.boot.web.servlet.ServletRegistrationBean.addRegistration(ServletRegistrationBean.java:186) - Servlet dispatcherServlet mapped to [/]
[2022-06-30 15:47:18:240] [INFO] - org.springframework.boot.web.servlet.ServletRegistrationBean.addRegistration(ServletRegistrationBean.java:186) - Servlet com.java.config.DruidServlet mapped to [/druid/*]
[2022-06-30 15:47:18:243] [INFO] - org.springframework.boot.web.servlet.AbstractFilterRegistrationBean.configure(AbstractFilterRegistrationBean.java:248) - Mapping filter: 'characterEncodingFilter' to: [/*]
[2022-06-30 15:47:18:243] [INFO] - org.springframework.boot.web.servlet.AbstractFilterRegistrationBean.configure(AbstractFilterRegistrationBean.java:248) - Mapping filter: 'hiddenHttpMethodFilter' to: [/*]
[2022-06-30 15:47:18:243] [INFO] - org.springframework.boot.web.servlet.AbstractFilterRegistrationBean.configure(AbstractFilterRegistrationBean.java:248) - Mapping filter: 'formContentFilter' to: [/*]
[2022-06-30 15:47:18:244] [INFO] - org.springframework.boot.web.servlet.AbstractFilterRegistrationBean.configure(AbstractFilterRegistrationBean.java:248) - Mapping filter: 'requestContextFilter' to: [/*]
[2022-06-30 15:47:18:478] [INFO] - org.springframework.scheduling.concurrent.ExecutorConfigurationSupport.initialize(ExecutorConfigurationSupport.java:171) - Initializing ExecutorService 'applicationTaskExecutor'
[2022-06-30 15:47:18:904] [INFO] - com.alibaba.druid.pool.DruidDataSource.init(DruidDataSource.java:994) - {dataSource-1} inited
[2022-06-30 15:47:19:257] [INFO] - org.apache.juli.logging.DirectJDKLog.log(DirectJDKLog.java:173) - Starting ProtocolHandler ["http-nio-8989"]
[2022-06-30 15:47:19:265] [INFO] - org.apache.juli.logging.DirectJDKLog.log(DirectJDKLog.java:173) - Using a shared selector for servlet write/read
[2022-06-30 15:47:19:285] [INFO] - org.springframework.boot.web.embedded.tomcat.TomcatWebServer.start(TomcatWebServer.java:204) - Tomcat started on port(s): 8989 (http) with context path ''
[2022-06-30 15:47:19:288] [INFO] - org.springframework.boot.StartupInfoLogger.logStarted(StartupInfoLogger.java:59) - Started shopApplication in 3.925 seconds (JVM running for 5.475)
[2022-06-30 15:47:26:845] [INFO] - org.apache.juli.logging.DirectJDKLog.log(DirectJDKLog.java:173) - Initializing Spring DispatcherServlet 'dispatcherServlet'
[2022-06-30 15:47:26:845] [INFO] - org.springframework.web.servlet.FrameworkServlet.initServletBean(FrameworkServlet.java:521) - Initializing Servlet 'dispatcherServlet'
[2022-06-30 15:47:26:857] [INFO] - org.springframework.web.servlet.FrameworkServlet.initServletBean(FrameworkServlet.java:543) - Completed initialization in 11 ms
[2022-06-30 15:50:30:107] [INFO] - org.springframework.boot.StartupInfoLogger.logStarting(StartupInfoLogger.java:50) - Starting shopApplication on LAPTOP-3LEHI1FG with PID 46776 (E:\my_task\202206\0628\news\one\springboot\target\classes started by xiong in E:\my_task\202206\0628\news\one\springboot)
[2022-06-30 15:50:30:112] [INFO] - org.springframework.boot.SpringApplication.logStartupProfileInfo(SpringApplication.java:675) - No active profile set, falling back to default profiles: default
[2022-06-30 15:50:30:753] [WARN] - org.mybatis.logging.Logger.warn(Logger.java:44) - No MyBatis mapper was found in '[com.java.dao]' package. Please check your configuration.
[2022-06-30 15:50:31:014] [WARN] - org.mybatis.logging.Logger.warn(Logger.java:44) - No MyBatis mapper was found in '[com.java]' package. Please check your configuration.
[2022-06-30 15:50:31:625] [INFO] - org.springframework.boot.web.embedded.tomcat.TomcatWebServer.initialize(TomcatWebServer.java:90) - Tomcat initialized with port(s): 8989 (http)
[2022-06-30 15:50:31:640] [INFO] - org.apache.juli.logging.DirectJDKLog.log(DirectJDKLog.java:173) - Initializing ProtocolHandler ["http-nio-8989"]
[2022-06-30 15:50:31:645] [INFO] - org.apache.juli.logging.DirectJDKLog.log(DirectJDKLog.java:173) - Starting service [Tomcat]
[2022-06-30 15:50:31:646] [INFO] - org.apache.juli.logging.DirectJDKLog.log(DirectJDKLog.java:173) - Starting Servlet Engine: Apache Tomcat/9.0.12
[2022-06-30 15:50:31:651] [INFO] - org.apache.juli.logging.DirectJDKLog.log(DirectJDKLog.java:173) - The APR based Apache Tomcat Native library which allows optimal performance in production environments was not found on the java.library.path: [C:\install\idea\java\jdk1.8\bin;C:\WINDOWS\Sun\Java\bin;C:\WINDOWS\system32;C:\WINDOWS;E:\oracle\product\10.2.0\db_1\bin;D:\dev\install\;C:\Program Files (x86)\Intel\iCLS Client\;C:\Program Files\Intel\iCLS Client\;C:\Windows\system32;C:\Windows;C:\Windows\System32\Wbem;C:\Windows\System32\WindowsPowerShell\v1.0\;C:\Program Files (x86)\Intel\Intel(R) Management Engine Components\DAL;C:\Program Files\Intel\Intel(R) Management Engine Components\DAL;C:\Program Files (x86)\Intel\Intel(R) Management Engine Components\IPT;C:\Program Files\Intel\Intel(R) Management Engine Components\IPT;C:\Program Files (x86)\NVIDIA Corporation\PhysX\Common;C:\WINDOWS\system32;C:\WINDOWS;C:\WINDOWS\System32\Wbem;C:\WINDOWS\System32\WindowsPowerShell\v1.0\;C:\install\idea\java\jdk1.8\bin;E:\install\dev\maven-3.5.4\bin;C:\WINDOWS\System32\OpenSSH\;E:\myIT\APP\Git\cmd;E:\myIT\APP\MongoDB\bin;E:\install\PuTTY\;E:\install\dev\xshell7\;C:\install\idea\java\jdk1.8\bin\jre\bin;E:\install\dev\gradle\gradle-5.6.4\bin;C:\Program Files (x86)\EasyShare\x86\;C:\Program Files (x86)\EasyShare\x64\;E:\install\dev\TortoiseGit\bin;C:\Windows\RCC-Interface;E:\install\dev\nodejs\;E:\install\dev\node\node_global;;E:\myIT\APP\Microsoft VS Code\bin;C:\Users\xiong\AppData\Local\Microsoft\WindowsApps;E:\myIT\APP\Microsoft VS Code\bin;C:\Users\xiong\AppData\Roaming\npm;E:\install\dev\node\node_global;;.]
[2022-06-30 15:50:31:966] [INFO] - org.apache.juli.logging.DirectJDKLog.log(DirectJDKLog.java:173) - At least one JAR was scanned for TLDs yet contained no TLDs. Enable debug logging for this logger for a complete list of JARs that were scanned but no TLDs were found in them. Skipping unneeded JARs during scanning can improve startup time and JSP compilation time.
[2022-06-30 15:50:31:973] [INFO] - org.apache.juli.logging.DirectJDKLog.log(DirectJDKLog.java:173) - Initializing Spring embedded WebApplicationContext
[2022-06-30 15:50:31:974] [INFO] - org.springframework.boot.web.servlet.context.ServletWebServerApplicationContext.prepareWebApplicationContext(ServletWebServerApplicationContext.java:285) - Root WebApplicationContext: initialization completed in 1781 ms
[2022-06-30 15:50:32:042] [INFO] - org.springframework.boot.web.servlet.ServletRegistrationBean.addRegistration(ServletRegistrationBean.java:186) - Servlet dispatcherServlet mapped to [/]
[2022-06-30 15:50:32:043] [INFO] - org.springframework.boot.web.servlet.ServletRegistrationBean.addRegistration(ServletRegistrationBean.java:186) - Servlet com.java.config.DruidServlet mapped to [/druid/*]
[2022-06-30 15:50:32:046] [INFO] - org.springframework.boot.web.servlet.AbstractFilterRegistrationBean.configure(AbstractFilterRegistrationBean.java:248) - Mapping filter: 'characterEncodingFilter' to: [/*]
[2022-06-30 15:50:32:046] [INFO] - org.springframework.boot.web.servlet.AbstractFilterRegistrationBean.configure(AbstractFilterRegistrationBean.java:248) - Mapping filter: 'hiddenHttpMethodFilter' to: [/*]
[2022-06-30 15:50:32:047] [INFO] - org.springframework.boot.web.servlet.AbstractFilterRegistrationBean.configure(AbstractFilterRegistrationBean.java:248) - Mapping filter: 'formContentFilter' to: [/*]
[2022-06-30 15:50:32:047] [INFO] - org.springframework.boot.web.servlet.AbstractFilterRegistrationBean.configure(AbstractFilterRegistrationBean.java:248) - Mapping filter: 'requestContextFilter' to: [/*]
[2022-06-30 15:50:32:290] [INFO] - org.springframework.scheduling.concurrent.ExecutorConfigurationSupport.initialize(ExecutorConfigurationSupport.java:171) - Initializing ExecutorService 'applicationTaskExecutor'
[2022-06-30 15:50:32:644] [INFO] - com.alibaba.druid.pool.DruidDataSource.init(DruidDataSource.java:994) - {dataSource-1} inited
[2022-06-30 15:50:32:978] [INFO] - org.apache.juli.logging.DirectJDKLog.log(DirectJDKLog.java:173) - Starting ProtocolHandler ["http-nio-8989"]
[2022-06-30 15:50:32:985] [INFO] - org.apache.juli.logging.DirectJDKLog.log(DirectJDKLog.java:173) - Using a shared selector for servlet write/read
[2022-06-30 15:50:33:006] [INFO] - org.springframework.boot.web.embedded.tomcat.TomcatWebServer.start(TomcatWebServer.java:204) - Tomcat started on port(s): 8989 (http) with context path ''
[2022-06-30 15:50:33:008] [INFO] - org.springframework.boot.StartupInfoLogger.logStarted(StartupInfoLogger.java:59) - Started shopApplication in 3.472 seconds (JVM running for 5.042)
[2022-06-30 15:50:39:457] [INFO] - org.apache.juli.logging.DirectJDKLog.log(DirectJDKLog.java:173) - Initializing Spring DispatcherServlet 'dispatcherServlet'
[2022-06-30 15:50:39:457] [INFO] - org.springframework.web.servlet.FrameworkServlet.initServletBean(FrameworkServlet.java:521) - Initializing Servlet 'dispatcherServlet'
[2022-06-30 15:50:39:469] [INFO] - org.springframework.web.servlet.FrameworkServlet.initServletBean(FrameworkServlet.java:543) - Completed initialization in 12 ms
[2022-06-30 15:53:18:963] [INFO] - org.springframework.boot.StartupInfoLogger.logStarting(StartupInfoLogger.java:50) - Starting shopApplication on LAPTOP-3LEHI1FG with PID 42928 (E:\my_task\202206\0628\news\one\springboot\target\classes started by xiong in E:\my_task\202206\0628\news\one\springboot)
[2022-06-30 15:53:18:966] [INFO] - org.springframework.boot.SpringApplication.logStartupProfileInfo(SpringApplication.java:675) - No active profile set, falling back to default profiles: default
[2022-06-30 15:53:19:699] [WARN] - org.mybatis.logging.Logger.warn(Logger.java:44) - No MyBatis mapper was found in '[com.java.dao]' package. Please check your configuration.
[2022-06-30 15:53:19:856] [WARN] - org.mybatis.logging.Logger.warn(Logger.java:44) - No MyBatis mapper was found in '[com.java]' package. Please check your configuration.
[2022-06-30 15:53:20:829] [INFO] - org.springframework.boot.web.embedded.tomcat.TomcatWebServer.initialize(TomcatWebServer.java:90) - Tomcat initialized with port(s): 8989 (http)
[2022-06-30 15:53:20:842] [INFO] - org.apache.juli.logging.DirectJDKLog.log(DirectJDKLog.java:173) - Initializing ProtocolHandler ["http-nio-8989"]
[2022-06-30 15:53:20:846] [INFO] - org.apache.juli.logging.DirectJDKLog.log(DirectJDKLog.java:173) - Starting service [Tomcat]
[2022-06-30 15:53:20:846] [INFO] - org.apache.juli.logging.DirectJDKLog.log(DirectJDKLog.java:173) - Starting Servlet Engine: Apache Tomcat/9.0.12
[2022-06-30 15:53:20:855] [INFO] - org.apache.juli.logging.DirectJDKLog.log(DirectJDKLog.java:173) - The APR based Apache Tomcat Native library which allows optimal performance in production environments was not found on the java.library.path: [C:\install\idea\java\jdk1.8\bin;C:\WINDOWS\Sun\Java\bin;C:\WINDOWS\system32;C:\WINDOWS;E:\oracle\product\10.2.0\db_1\bin;D:\dev\install\;C:\Program Files (x86)\Intel\iCLS Client\;C:\Program Files\Intel\iCLS Client\;C:\Windows\system32;C:\Windows;C:\Windows\System32\Wbem;C:\Windows\System32\WindowsPowerShell\v1.0\;C:\Program Files (x86)\Intel\Intel(R) Management Engine Components\DAL;C:\Program Files\Intel\Intel(R) Management Engine Components\DAL;C:\Program Files (x86)\Intel\Intel(R) Management Engine Components\IPT;C:\Program Files\Intel\Intel(R) Management Engine Components\IPT;C:\Program Files (x86)\NVIDIA Corporation\PhysX\Common;C:\WINDOWS\system32;C:\WINDOWS;C:\WINDOWS\System32\Wbem;C:\WINDOWS\System32\WindowsPowerShell\v1.0\;C:\install\idea\java\jdk1.8\bin;E:\install\dev\maven-3.5.4\bin;C:\WINDOWS\System32\OpenSSH\;E:\myIT\APP\Git\cmd;E:\myIT\APP\MongoDB\bin;E:\install\PuTTY\;E:\install\dev\xshell7\;C:\install\idea\java\jdk1.8\bin\jre\bin;E:\install\dev\gradle\gradle-5.6.4\bin;C:\Program Files (x86)\EasyShare\x86\;C:\Program Files (x86)\EasyShare\x64\;E:\install\dev\TortoiseGit\bin;C:\Windows\RCC-Interface;E:\install\dev\nodejs\;E:\install\dev\node\node_global;;E:\myIT\APP\Microsoft VS Code\bin;C:\Users\xiong\AppData\Local\Microsoft\WindowsApps;E:\myIT\APP\Microsoft VS Code\bin;C:\Users\xiong\AppData\Roaming\npm;E:\install\dev\node\node_global;;.]
[2022-06-30 15:53:21:211] [INFO] - org.apache.juli.logging.DirectJDKLog.log(DirectJDKLog.java:173) - At least one JAR was scanned for TLDs yet contained no TLDs. Enable debug logging for this logger for a complete list of JARs that were scanned but no TLDs were found in them. Skipping unneeded JARs during scanning can improve startup time and JSP compilation time.
[2022-06-30 15:53:21:217] [INFO] - org.apache.juli.logging.DirectJDKLog.log(DirectJDKLog.java:173) - Initializing Spring embedded WebApplicationContext
[2022-06-30 15:53:21:217] [INFO] - org.springframework.boot.web.servlet.context.ServletWebServerApplicationContext.prepareWebApplicationContext(ServletWebServerApplicationContext.java:285) - Root WebApplicationContext: initialization completed in 2160 ms
[2022-06-30 15:53:21:297] [INFO] - org.springframework.boot.web.servlet.ServletRegistrationBean.addRegistration(ServletRegistrationBean.java:186) - Servlet dispatcherServlet mapped to [/]
[2022-06-30 15:53:21:298] [INFO] - org.springframework.boot.web.servlet.ServletRegistrationBean.addRegistration(ServletRegistrationBean.java:186) - Servlet com.java.config.DruidServlet mapped to [/druid/*]
[2022-06-30 15:53:21:301] [INFO] - org.springframework.boot.web.servlet.AbstractFilterRegistrationBean.configure(AbstractFilterRegistrationBean.java:248) - Mapping filter: 'characterEncodingFilter' to: [/*]
[2022-06-30 15:53:21:301] [INFO] - org.springframework.boot.web.servlet.AbstractFilterRegistrationBean.configure(AbstractFilterRegistrationBean.java:248) - Mapping filter: 'hiddenHttpMethodFilter' to: [/*]
[2022-06-30 15:53:21:302] [INFO] - org.springframework.boot.web.servlet.AbstractFilterRegistrationBean.configure(AbstractFilterRegistrationBean.java:248) - Mapping filter: 'formContentFilter' to: [/*]
[2022-06-30 15:53:21:302] [INFO] - org.springframework.boot.web.servlet.AbstractFilterRegistrationBean.configure(AbstractFilterRegistrationBean.java:248) - Mapping filter: 'requestContextFilter' to: [/*]
[2022-06-30 15:53:21:564] [INFO] - org.springframework.scheduling.concurrent.ExecutorConfigurationSupport.initialize(ExecutorConfigurationSupport.java:171) - Initializing ExecutorService 'applicationTaskExecutor'
[2022-06-30 15:53:21:985] [INFO] - com.alibaba.druid.pool.DruidDataSource.init(DruidDataSource.java:994) - {dataSource-1} inited
[2022-06-30 15:53:22:347] [INFO] - org.apache.juli.logging.DirectJDKLog.log(DirectJDKLog.java:173) - Starting ProtocolHandler ["http-nio-8989"]
[2022-06-30 15:53:22:356] [INFO] - org.apache.juli.logging.DirectJDKLog.log(DirectJDKLog.java:173) - Using a shared selector for servlet write/read
[2022-06-30 15:53:22:376] [INFO] - org.springframework.boot.web.embedded.tomcat.TomcatWebServer.start(TomcatWebServer.java:204) - Tomcat started on port(s): 8989 (http) with context path ''
[2022-06-30 15:53:22:379] [INFO] - org.springframework.boot.StartupInfoLogger.logStarted(StartupInfoLogger.java:59) - Started shopApplication in 3.999 seconds (JVM running for 5.701)
[2022-06-30 15:53:45:749] [INFO] - org.apache.juli.logging.DirectJDKLog.log(DirectJDKLog.java:173) - Initializing Spring DispatcherServlet 'dispatcherServlet'
[2022-06-30 15:53:45:749] [INFO] - org.springframework.web.servlet.FrameworkServlet.initServletBean(FrameworkServlet.java:521) - Initializing Servlet 'dispatcherServlet'
[2022-06-30 15:53:45:766] [INFO] - org.springframework.web.servlet.FrameworkServlet.initServletBean(FrameworkServlet.java:543) - Completed initialization in 16 ms
