[2022-04-24 17:00:16:916] [INFO] - org.springframework.boot.StartupInfoLogger.logStarting(StartupInfoLogger.java:50) - Starting shopApplication on crop with PID 1788 (C:\Users\Lenovo\IdeaProjects\springboot\target\classes started by Ky in C:\Users\Lenovo\IdeaProjects\springboot)
[2022-04-24 17:00:16:960] [INFO] - org.springframework.boot.SpringApplication.logStartupProfileInfo(SpringApplication.java:675) - No active profile set, falling back to default profiles: default
[2022-04-24 17:00:19:303] [INFO] - org.springframework.boot.web.embedded.tomcat.TomcatWebServer.initialize(TomcatWebServer.java:90) - Tomcat initialized with port(s): 8989 (http)
[2022-04-24 17:00:19:325] [INFO] - org.apache.juli.logging.DirectJDKLog.log(DirectJDKLog.java:173) - Initializing ProtocolHandler ["http-nio-8989"]
[2022-04-24 17:00:19:337] [INFO] - org.apache.juli.logging.DirectJDKLog.log(DirectJDKLog.java:173) - Starting service [Tomcat]
[2022-04-24 17:00:19:338] [INFO] - org.apache.juli.logging.DirectJDKLog.log(DirectJDKLog.java:173) - Starting Servlet Engine: Apache Tomcat/9.0.12
[2022-04-24 17:00:19:348] [INFO] - org.apache.juli.logging.DirectJDKLog.log(DirectJDKLog.java:173) - The APR based Apache Tomcat Native library which allows optimal performance in production environments was not found on the java.library.path: [C:\Program Files\Java\jdk1.8.0_211\bin;C:\WINDOWS\Sun\Java\bin;C:\WINDOWS\system32;C:\WINDOWS;C:\Program Files (x86)\Common Files\Oracle\Java\javapath;C:\WINDOWS\system32;C:\WINDOWS;C:\WINDOWS\System32\Wbem;C:\WINDOWS\System32\WindowsPowerShell\v1.0\;C:\WINDOWS\System32\OpenSSH\;D:\Shortcut;D:\Program Files\Java\jdk1.8.0_201\bin;C:\Program Files (x86)\MySQL\MySQL Server 5.0\bin;D:\Microsoft SQL Server(x86)\100\Tools\Binn\;D:\Microsoft SQL Server\100\Tools\Binn\;D:\Microsoft SQL Server\100\DTS\Binn\;D:\Microsoft SQL Server(x86)\100\Tools\Binn\VSShell\Common7\IDE\;D:\Microsoft SQL Server(x86)\100\DTS\Binn\;C:\Program Files (x86)\Microsoft Visual Studio 9.0\Common7\IDE\PrivateAssemblies\;D:\MinGw\bin;D:\ideaMaven\apache-maven-3.6.1\bin;C:\nodejs;C:\Program1Files\nodejs\node_cache;C:\Program1Files\nodejs\node_global;E:\Android\SDK\tools;E:\Android\SDK\platform-tools;E:\Android\SDK\platform-tools;C:\Users\Lenovo\AppData\Local\Microsoft\WindowsApps;D:\Bandzip\;C:\Users\Lenovo\AppData\Local\BypassRuntm;D:\MinGw\bin;C:\Users\Lenovo\AppData\Local\Microsoft\WindowsApps;E:\Android\SDK\tools;E:\Android\SDK\platform-tools;E:\Android\SDK\platform-tools;;D:\IntelliJ IDEA 2021.3.3\bin;;C:\Users\Lenovo\AppData\Local\Programs\Microsoft VS Code\bin;.]
[2022-04-24 17:00:19:702] [INFO] - org.apache.juli.logging.DirectJDKLog.log(DirectJDKLog.java:173) - At least one JAR was scanned for TLDs yet contained no TLDs. Enable debug logging for this logger for a complete list of JARs that were scanned but no TLDs were found in them. Skipping unneeded JARs during scanning can improve startup time and JSP compilation time.
[2022-04-24 17:00:19:709] [INFO] - org.apache.juli.logging.DirectJDKLog.log(DirectJDKLog.java:173) - Initializing Spring embedded WebApplicationContext
[2022-04-24 17:00:19:710] [INFO] - org.springframework.boot.web.servlet.context.ServletWebServerApplicationContext.prepareWebApplicationContext(ServletWebServerApplicationContext.java:285) - Root WebApplicationContext: initialization completed in 2629 ms
[2022-04-24 17:00:19:778] [INFO] - org.springframework.boot.web.servlet.ServletRegistrationBean.addRegistration(ServletRegistrationBean.java:186) - Servlet dispatcherServlet mapped to [/]
[2022-04-24 17:00:19:780] [INFO] - org.springframework.boot.web.servlet.ServletRegistrationBean.addRegistration(ServletRegistrationBean.java:186) - Servlet com.java.config.DruidServlet mapped to [/druid/*]
[2022-04-24 17:00:19:802] [INFO] - org.springframework.boot.web.servlet.AbstractFilterRegistrationBean.configure(AbstractFilterRegistrationBean.java:248) - Mapping filter: 'characterEncodingFilter' to: [/*]
[2022-04-24 17:00:19:803] [INFO] - org.springframework.boot.web.servlet.AbstractFilterRegistrationBean.configure(AbstractFilterRegistrationBean.java:248) - Mapping filter: 'hiddenHttpMethodFilter' to: [/*]
[2022-04-24 17:00:19:804] [INFO] - org.springframework.boot.web.servlet.AbstractFilterRegistrationBean.configure(AbstractFilterRegistrationBean.java:248) - Mapping filter: 'formContentFilter' to: [/*]
[2022-04-24 17:00:19:805] [INFO] - org.springframework.boot.web.servlet.AbstractFilterRegistrationBean.configure(AbstractFilterRegistrationBean.java:248) - Mapping filter: 'requestContextFilter' to: [/*]
[2022-04-24 17:00:21:543] [INFO] - com.alibaba.druid.pool.DruidDataSource.init(DruidDataSource.java:994) - {dataSource-1} inited
[2022-04-24 17:00:23:351] [INFO] - org.springframework.scheduling.concurrent.ExecutorConfigurationSupport.initialize(ExecutorConfigurationSupport.java:171) - Initializing ExecutorService 'applicationTaskExecutor'
[2022-04-24 17:00:23:800] [INFO] - org.apache.juli.logging.DirectJDKLog.log(DirectJDKLog.java:173) - Starting ProtocolHandler ["http-nio-8989"]
[2022-04-24 17:00:23:818] [INFO] - org.apache.juli.logging.DirectJDKLog.log(DirectJDKLog.java:173) - Using a shared selector for servlet write/read
[2022-04-24 17:00:23:869] [INFO] - org.springframework.boot.web.embedded.tomcat.TomcatWebServer.start(TomcatWebServer.java:204) - Tomcat started on port(s): 8989 (http) with context path ''
[2022-04-24 17:00:23:874] [INFO] - org.springframework.boot.StartupInfoLogger.logStarted(StartupInfoLogger.java:59) - Started shopApplication in 7.908 seconds (JVM running for 10.514)
[2022-04-24 17:00:43:740] [INFO] - org.apache.juli.logging.DirectJDKLog.log(DirectJDKLog.java:173) - Initializing Spring DispatcherServlet 'dispatcherServlet'
[2022-04-24 17:00:43:740] [INFO] - org.springframework.web.servlet.FrameworkServlet.initServletBean(FrameworkServlet.java:521) - Initializing Servlet 'dispatcherServlet'
[2022-04-24 17:00:43:761] [INFO] - org.springframework.web.servlet.FrameworkServlet.initServletBean(FrameworkServlet.java:543) - Completed initialization in 21 ms
[2022-04-24 19:54:16:283] [INFO] - org.springframework.scheduling.concurrent.ExecutorConfigurationSupport.shutdown(ExecutorConfigurationSupport.java:208) - Shutting down ExecutorService 'applicationTaskExecutor'
[2022-04-24 19:54:16:294] [INFO] - com.alibaba.druid.pool.DruidDataSource.close(DruidDataSource.java:2029) - {dataSource-1} closing ...
[2022-04-24 19:54:16:297] [INFO] - com.alibaba.druid.pool.DruidDataSource.close(DruidDataSource.java:2101) - {dataSource-1} closed
